[22:18:42] [main/INFO]: Loading Minecraft 1.16.5 with Fabric Loader 0.16.3
[22:18:42] [main/INFO]: Loading 4 mods:
	- fabricloader 0.16.3
	   \-- mixinextras 0.4.1
	- java 11
	- minecraft 1.16.5
[22:18:42] [main/INFO]: SpongePowered MIXIN Subsystem Version=0.8.7 Source=file:/workspaces/MSX-1.0/servidor_minecraft/libraries/net/fabricmc/sponge-mixin/0.15.2+mixin.0.8.7/sponge-mixin-0.15.2+mixin.0.8.7.jar Service=Knot/Fabric Env=SERVER
[22:18:48] [main/INFO]: Environment: authHost='https://authserver.mojang.com', accountsHost='https://api.mojang.com', sessionHost='https://sessionserver.mojang.com', servicesHost='https://api.minecraftservices.com', name='PROD'
[22:18:49] [main/WARN]: Ambiguity between arguments [teleport, destination] and [teleport, targets] with inputs: [Player, 0123, @e, dd12be42-52a9-4a91-a8a1-11c01849e498]
[22:18:49] [main/WARN]: Ambiguity between arguments [teleport, location] and [teleport, destination] with inputs: [0.1 -0.5 .9, 0 0 0]
[22:18:49] [main/WARN]: Ambiguity between arguments [teleport, location] and [teleport, targets] with inputs: [0.1 -0.5 .9, 0 0 0]
[22:18:49] [main/WARN]: Ambiguity between arguments [teleport, targets] and [teleport, destination] with inputs: [Player, 0123, dd12be42-52a9-4a91-a8a1-11c01849e498]
[22:18:49] [main/WARN]: Ambiguity between arguments [teleport, targets, location] and [teleport, targets, destination] with inputs: [0.1 -0.5 .9, 0 0 0]
[22:18:49] [main/INFO]: Reloading ResourceManager: Default, OnePlayerSleepV3_1.zip
[22:18:50] [Worker-Main-2/INFO]: Loaded 7 recipes
[22:18:51] [Worker-Main-2/INFO]: Loaded 927 advancements
[22:18:53] [Server thread/INFO]: Starting minecraft server version 1.16.5
[22:18:53] [Server thread/INFO]: Loading properties
[22:18:53] [Server thread/WARN]: Invalid sha1 for ressource-pack-sha1
[22:18:53] [Server thread/INFO]: Default game type: SURVIVAL
[22:18:53] [Server thread/INFO]: Generating keypair
[22:18:54] [Server thread/INFO]: Starting Minecraft server on *:25565
[22:18:54] [Server thread/INFO]: Using epoll channel type
[22:18:54] [Server thread/WARN]: **** SERVER IS RUNNING IN OFFLINE/INSECURE MODE!
[22:18:54] [Server thread/WARN]: The server will make no attempt to authenticate usernames. Beware.
[22:18:54] [Server thread/WARN]: While this makes the game possible to play without internet access, it also opens up the ability for hackers to connect with any username they choose.
[22:18:54] [Server thread/WARN]: To change this, set "online-mode" to "true" in the server.properties file.
[22:18:54] [Server thread/INFO]: Preparing level "world"
[22:18:54] [Server thread/INFO]: Preparing start region for dimension minecraft:overworld
[22:18:56] [Server thread/INFO]: Preparing spawn area: 0%
[22:18:56] [Server thread/INFO]: Preparing spawn area: 0%
[22:18:56] [Server thread/INFO]: Preparing spawn area: 0%
[22:18:56] [Server thread/INFO]: Preparing spawn area: 0%
[22:18:56] [Server thread/INFO]: Preparing spawn area: 0%
[22:18:57] [Server thread/INFO]: Preparing spawn area: 76%
[22:18:57] [Server thread/INFO]: Time elapsed: 2914 ms
[22:18:57] [Server thread/INFO]: Done (3.101s)! For help, type "help"
[22:19:11] [Server thread/INFO]: Stopping the server
[22:19:11] [Server thread/INFO]: Stopping server
[22:19:11] [Server thread/INFO]: Saving players
[22:19:11] [Server thread/INFO]: Saving worlds
[22:19:11] [Server thread/INFO]: Saving chunks for level 'ServerLevel[world]'/minecraft:overworld
[22:19:13] [Server thread/INFO]: ThreadedAnvilChunkStorage (world): All chunks are saved
[22:19:13] [Server thread/INFO]: Saving chunks for level 'ServerLevel[world]'/minecraft:the_nether
[22:19:13] [Server thread/INFO]: ThreadedAnvilChunkStorage (DIM-1): All chunks are saved
[22:19:13] [Server thread/INFO]: Saving chunks for level 'ServerLevel[world]'/minecraft:the_end
[22:19:13] [Server thread/INFO]: ThreadedAnvilChunkStorage (DIM1): All chunks are saved
[22:19:13] [Server thread/INFO]: ThreadedAnvilChunkStorage (world): All chunks are saved
[22:19:13] [Server thread/INFO]: ThreadedAnvilChunkStorage (DIM-1): All chunks are saved
[22:19:13] [Server thread/INFO]: ThreadedAnvilChunkStorage (DIM1): All chunks are saved
